-------------------------------------------------------------------------------
Test set: com.hashedin.Assignment.AssignmentApplicationTests
-------------------------------------------------------------------------------
Tests run: 1, Failures: 0, Errors: 1, Skipped: 0, Time elapsed: 1.081 s <<< FAILURE! - in com.hashedin.Assignment.AssignmentApplicationTests
contextLoads  Time elapsed: 0 s  <<< ERROR!
java.lang.IllegalStateException: Failed to load ApplicationContext
Caused by: org.springframework.beans.factory.BeanDefinitionStoreException: Failed to parse configuration class [com.hashedin.Assignment.AssignmentApplication]; nested exception is org.springframework.context.annotation.ConflictingBeanDefinitionException: Annotation-specified bean name 'netflixDataController' for bean class [com.hashedin.Assignment.controller.NetflixDataController] conflicts with existing, non-compatible bean definition of same name and class [com.hashedin.Assignment.JavaControllerSpring.NetflixDataController]
Caused by: org.springframework.context.annotation.ConflictingBeanDefinitionException: Annotation-specified bean name 'netflixDataController' for bean class [com.hashedin.Assignment.controller.NetflixDataController] conflicts with existing, non-compatible bean definition of same name and class [com.hashedin.Assignment.JavaControllerSpring.NetflixDataController]

